<?xml version="1.0" encoding="UTF-8"?>
<testng-results ignored="0" total="1" passed="1" failed="0" skipped="0">
  <reporter-output>
  </reporter-output>
  <suite started-at="2019-09-12T20:30:00 IST" name="Mercury" finished-at="2019-09-12T20:30:59 IST" duration-ms="58610">
    <groups>
    </groups>
    <test started-at="2019-09-12T20:30:00 IST" name="MavenTestScript" finished-at="2019-09-12T20:30:59 IST" duration-ms="58610">
      <class name="maven_example.MavenTestScript">
        <test-method signature="registration()[pri:0, instance:maven_example.MavenTestScript@7995092a]" started-at="2019-09-12T20:30:00 IST" name="registration" finished-at="2019-09-12T20:30:59 IST" duration-ms="58554" status="PASS">
          <reporter-output>
          </reporter-output>
        </test-method> <!-- registration -->
      </class> <!-- maven_example.MavenTestScript -->
    </test> <!-- MavenTestScript -->
  </suite> <!-- Mercury -->
</testng-results>
